[INFO] Scanning for projects...
Downloading from central: https://repo.maven.apache.org/maven2/org/jooq/maven-metadata.xml
Downloading from central: https://repo.maven.apache.org/maven2/io/github/git-commit-id/maven-metadata.xml
Downloading from central: https://repo.maven.apache.org/maven2/org/springframework/boot/maven-metadata.xml
Downloading from central: https://repo.maven.apache.org/maven2/org/flywaydb/maven-metadata.xml
Progress (1): 234 B
Progress (2): 234 B | 398 B
Progress (3): 234 B | 398 B | 255 B
                                   
Downloaded from central: https://repo.maven.apache.org/maven2/org/jooq/maven-metadata.xml (398 B at 301 B/s)
Downloaded from central: https://repo.maven.apache.org/maven2/org/flywaydb/maven-metadata.xml (234 B at 177 B/s)
Downloaded from central: https://repo.maven.apache.org/maven2/io/github/git-commit-id/maven-metadata.xml (255 B at 193 B/s)
Downloading from central: https://repo.maven.apache.org/maven2/org/graalvm/buildtools/maven-metadata.xml
Downloading from central: https://repo.maven.apache.org/maven2/org/liquibase/maven-metadata.xml
Downloading from central: https://repo.maven.apache.org/maven2/org/jetbrains/kotlin/maven-metadata.xml
Progress (1): 242 B
Progress (2): 242 B | 375 B
                           
Downloaded from central: https://repo.maven.apache.org/maven2/org/graalvm/buildtools/maven-metadata.xml (242 B at 1.8 kB/s)
Downloading from central: https://repo.maven.apache.org/maven2/org/apache/maven/plugins/maven-metadata.xml
Downloaded from central: https://repo.maven.apache.org/maven2/org/jetbrains/kotlin/maven-metadata.xml (375 B at 2.5 kB/s)
Downloading from central: https://repo.maven.apache.org/maven2/org/codehaus/mojo/maven-metadata.xml
Progress (1): 4.6 kB
Progress (1): 9.7 kB
Progress (1): 14 kB 
Progress (2): 14 kB | 394 B
                           
Downloaded from central: https://repo.maven.apache.org/maven2/org/apache/maven/plugins/maven-metadata.xml (14 kB at 123 kB/s)
Progress (2): 394 B | 249 B
                           
Downloaded from central: https://repo.maven.apache.org/maven2/org/liquibase/maven-metadata.xml (394 B at 1.5 kB/s)
Progress (2): 249 B | 3.1 kB
Progress (2): 249 B | 7.7 kB
Progress (2): 249 B | 12 kB 
                           
Downloaded from central: https://repo.maven.apache.org/maven2/org/springframework/boot/maven-metadata.xml (249 B at 155 B/s)
Progress (1): 17 kB
Progress (1): 20 kB
Progress (1): 21 kB
                   
Downloaded from central: https://repo.maven.apache.org/maven2/org/codehaus/mojo/maven-metadata.xml (21 kB at 87 kB/s)
[INFO] 
[INFO] ------------------------< com.ecoland:backend >-------------------------
[INFO] Building EcoLand Backend 0.0.1-SNAPSHOT
[INFO]   from pom.xml
[INFO] --------------------------------[ jar ]---------------------------------
[INFO] 
[INFO] >>> spring-boot:3.2.4:run (default-cli) > test-compile @ backend >>>
[INFO] 
[INFO] --- resources:3.3.1:resources (default-resources) @ backend ---
[INFO] Copying 2 resources from src\main\resources to target\classes
[INFO] Copying 0 resource from src\main\resources to target\classes
[INFO] 
[INFO] --- compiler:3.11.0:compile (default-compile) @ backend ---
[INFO] Changes detected - recompiling the module! :source
[INFO] Compiling 51 source files with javac [debug release 17] to target\classes
[INFO] 
[INFO] --- resources:3.3.1:testResources (default-testResources) @ backend ---
[INFO] skip non existing resourceDirectory D:\TORREZ\Escritorio\UNIVERSIDAD\SEMESTRE 1-2026\Taller de Sistemas de Informacion\EcoLand\backend\src\test\resources
[INFO] 
[INFO] --- compiler:3.11.0:testCompile (default-testCompile) @ backend ---
[INFO] No sources to compile
[INFO] 
[INFO] <<< spring-boot:3.2.4:run (default-cli) < test-compile @ backend <<<
[INFO] 
[INFO] 
[INFO] --- spring-boot:3.2.4:run (default-cli) @ backend ---
[INFO] Attaching agents: []

  .   ____          _            __ _ _
 /\\ / ___'_ __ _ _(_)_ __  __ _ \ \ \ \
( ( )\___ | '_ | '_| | '_ \/ _` | \ \ \ \
 \\/  ___)| |_)| | | | | || (_| |  ) ) ) )
  '  |____| .__|_| |_|_| |_\__, | / / / /
 =========|_|==============|___/=/_/_/_/
 :: Spring Boot ::                (v3.2.4)

2026-03-30 20:00:34 - Starting EcoLandApplication using Java 21.0.10 with PID 22988 (D:\TORREZ\Escritorio\UNIVERSIDAD\SEMESTRE 1-2026\Taller de Sistemas de Informacion\EcoLand\backend\target\classes started by torre in D:\TORREZ\Escritorio\UNIVERSIDAD\SEMESTRE 1-2026\Taller de Sistemas de Informacion\EcoLand\backend)
2026-03-30 20:00:34 - Running with Spring Boot v3.2.4, Spring v6.1.5
2026-03-30 20:00:34 - No active profile set, falling back to 1 default profile: "default"
2026-03-30 20:00:36 - Bootstrapping Spring Data JPA repositories in DEFAULT mode.
2026-03-30 20:00:37 - Finished Spring Data repository scanning in 222 ms. Found 5 JPA repository interfaces.
2026-03-30 20:00:39 - Tomcat initialized with port 8082 (http)
2026-03-30 20:00:39 - Starting service [Tomcat]
2026-03-30 20:00:39 - Starting Servlet engine: [Apache Tomcat/10.1.19]
2026-03-30 20:00:39 - Initializing Spring embedded WebApplicationContext
2026-03-30 20:00:39 - Root WebApplicationContext: initialization completed in 4997 ms
2026-03-30 20:00:39 - Filter 'jwtFilter' configured for use
2026-03-30 20:00:40 - HHH000204: Processing PersistenceUnitInfo [name: default]
2026-03-30 20:00:40 - HHH000412: Hibernate ORM core version 6.4.4.Final
2026-03-30 20:00:40 - HHH000026: Second-level cache disabled
2026-03-30 20:00:41 - No LoadTimeWeaver setup: ignoring JPA class transformer
2026-03-30 20:00:41 - HikariPool-1 - Starting...
2026-03-30 20:00:42 - HikariPool-1 - Added connection com.mysql.cj.jdbc.ConnectionImpl@43fd77d8
2026-03-30 20:00:42 - HikariPool-1 - Start completed.
2026-03-30 20:00:42 - HHH90000025: MySQLDialect does not need to be specified explicitly using 'hibernate.dialect' (remove the property setting and it will be selected by default)
2026-03-30 20:00:45 - HHH000489: No JTA platform available (set 'hibernate.transaction.jta.platform' to enable JTA platform integration)
2026-03-30 20:00:45 - Initialized JPA EntityManagerFactory for persistence unit 'default'
Hibernate: 
    select
        ce1_0.id,
        ce1_0.address,
        ce1_0.date,
        ce1_0.description,
        ce1_0.image,
        ce1_0.location,
        ce1_0.organizer,
        ce1_0.organizer_contact,
        ce1_0.participants,
        ce1_0.spots,
        ce1_0.status,
        ce1_0.time,
        ce1_0.title 
    from
        campaigns ce1_0
2026-03-30 20:00:47 - spring.jpa.open-in-view is enabled by default. Therefore, database queries may be performed during view rendering. Explicitly configure spring.jpa.open-in-view to disable this warning
2026-03-30 20:00:48 - 

Using generated security password: ff55fd82-5eb1-492d-974b-94a6ecafdf11

This generated password is for development use only. Your security configuration must be updated before running your application in production.

2026-03-30 20:00:48 - Will secure any request with [org.springframework.security.web.session.DisableEncodeUrlFilter@5d7f4cbb, org.springframework.security.web.context.request.async.WebAsyncManagerIntegrationFilter@6cf34b88, org.springframework.security.web.context.SecurityContextHolderFilter@4700064f, org.springframework.security.web.header.HeaderWriterFilter@62d4dac4, org.springframework.web.filter.CorsFilter@5e7fc012, org.springframework.security.web.authentication.logout.LogoutFilter@1f50fe84, com.ecoland.infrastructure.security.JwtFilter@6f8e9d06, org.springframework.security.web.savedrequest.RequestCacheAwareFilter@4583a186, org.springframework.security.web.servletapi.SecurityContextHolderAwareRequestFilter@4d6f951a, org.springframework.security.web.authentication.AnonymousAuthenticationFilter@63e0c744, org.springframework.security.web.session.SessionManagementFilter@6a77953c, org.springframework.security.web.access.ExceptionTranslationFilter@58df431e, org.springframework.security.web.access.intercept.AuthorizationFilter@63437af4]
2026-03-30 20:00:49 - Tomcat started on port 8082 (http) with context path ''
2026-03-30 20:00:49 - Started EcoLandApplication in 17.238 seconds (process running for 18.346)
2026-03-30 20:01:03 - Initializing Spring DispatcherServlet 'dispatcherServlet'
2026-03-30 20:01:03 - Initializing Servlet 'dispatcherServlet'
2026-03-30 20:01:03 - Completed initialization in 0 ms
2026-03-30 20:01:03 - Securing GET /api/campaigns
2026-03-30 20:01:03 - Set SecurityContextHolder to anonymous SecurityContext
2026-03-30 20:01:03 - Secured GET /api/campaigns
2026-03-30 20:01:03 - >>> Entrando al m├®todo: CampaignController.getAll() con argumentos: []
Hibernate: 
    select
        ce1_0.id,
        ce1_0.address,
        ce1_0.date,
        ce1_0.description,
        ce1_0.image,
        ce1_0.location,
        ce1_0.organizer,
        ce1_0.organizer_contact,
        ce1_0.participants,
        ce1_0.spots,
        ce1_0.status,
        ce1_0.time,
        ce1_0.title 
    from
        campaigns ce1_0
2026-03-30 20:01:03 - <<< Saliendo del m├®todo: CampaignController.getAll() | Tiempo de ejecuci├│n: 11ms
Hibernate: 
    select
        r1_0.campaign_id,
        r1_0.requirement 
    from
        campaign_requirements r1_0 
    where
        r1_0.campaign_id=?
Hibernate: 
    select
        r1_0.campaign_id,
        r1_0.requirement 
    from
        campaign_requirements r1_0 
    where
        r1_0.campaign_id=?
2026-03-30 20:01:22 - Securing GET /api/campaigns
2026-03-30 20:01:22 - Set SecurityContextHolder to anonymous SecurityContext
2026-03-30 20:01:22 - Secured GET /api/campaigns
2026-03-30 20:01:22 - >>> Entrando al m├®todo: CampaignController.getAll() con argumentos: []
Hibernate: 
    select
        ce1_0.id,
        ce1_0.address,
        ce1_0.date,
        ce1_0.description,
        ce1_0.image,
        ce1_0.location,
        ce1_0.organizer,
        ce1_0.organizer_contact,
        ce1_0.participants,
        ce1_0.spots,
        ce1_0.status,
        ce1_0.time,
        ce1_0.title 
    from
        campaigns ce1_0
2026-03-30 20:01:22 - <<< Saliendo del m├®todo: CampaignController.getAll() | Tiempo de ejecuci├│n: 8ms
Hibernate: 
    select
        r1_0.campaign_id,
        r1_0.requirement 
    from
        campaign_requirements r1_0 
    where
        r1_0.campaign_id=?
Hibernate: 
    select
        r1_0.campaign_id,
        r1_0.requirement 
    from
        campaign_requirements r1_0 
    where
        r1_0.campaign_id=?
