2026-05-27 13:28:55 [main] INFO  com.ecoland.EcoLandApplication - Starting EcoLandApplication using Java 21.0.10 with PID 12260 (D:\TORREZ\Escritorio\UNIVERSIDAD\SEMESTRE 1-2026\Taller de Sistemas de Informacion\EcoLand\backend\target\classes started by torre in D:\TORREZ\Escritorio\UNIVERSIDAD\SEMESTRE 1-2026\Taller de Sistemas de Informacion\EcoLand\backend)
2026-05-27 13:28:55 [main] DEBUG com.ecoland.EcoLandApplication - Running with Spring Boot v3.2.4, Spring v6.1.5
2026-05-27 13:28:55 [main] INFO  com.ecoland.EcoLandApplication - The following 1 profile is active: "default"
2026-05-27 13:28:57 [main] INFO  o.s.d.r.c.RepositoryConfigurationDelegate - Bootstrapping Spring Data JPA repositories in DEFAULT mode.
2026-05-27 13:28:57 [main] INFO  o.s.d.r.c.RepositoryConfigurationDelegate - Finished Spring Data repository scanning in 205 ms. Found 9 JPA repository interfaces.
2026-05-27 13:28:59 [main] INFO  o.s.b.w.e.tomcat.TomcatWebServer - Tomcat initialized with port 8082 (http)
2026-05-27 13:28:59 [main] INFO  o.a.catalina.core.StandardService - Starting service [Tomcat]
2026-05-27 13:28:59 [main] INFO  o.a.catalina.core.StandardEngine - Starting Servlet engine: [Apache Tomcat/10.1.19]
2026-05-27 13:28:59 [main] INFO  o.a.c.c.C.[Tomcat].[localhost].[/] - Initializing Spring embedded WebApplicationContext
2026-05-27 13:28:59 [main] INFO  o.s.b.w.s.c.ServletWebServerApplicationContext - Root WebApplicationContext: initialization completed in 4494 ms
2026-05-27 13:29:00 [main] INFO  o.h.jpa.internal.util.LogHelper - HHH000204: Processing PersistenceUnitInfo [name: default]
2026-05-27 13:29:00 [main] INFO  org.hibernate.Version - HHH000412: Hibernate ORM core version 6.4.4.Final
2026-05-27 13:29:00 [main] INFO  o.h.c.i.RegionFactoryInitiator - HHH000026: Second-level cache disabled
2026-05-27 13:29:01 [main] INFO  o.s.o.j.p.SpringPersistenceUnitInfo - No LoadTimeWeaver setup: ignoring JPA class transformer
2026-05-27 13:29:01 [main] INFO  com.zaxxer.hikari.HikariDataSource - HikariPool-1 - Starting...
2026-05-27 13:29:02 [main] INFO  com.zaxxer.hikari.pool.HikariPool - HikariPool-1 - Added connection com.mysql.cj.jdbc.ConnectionImpl@545604a9
2026-05-27 13:29:02 [main] INFO  com.zaxxer.hikari.HikariDataSource - HikariPool-1 - Start completed.
2026-05-27 13:29:02 [main] WARN  org.hibernate.orm.deprecation - HHH90000025: MySQLDialect does not need to be specified explicitly using 'hibernate.dialect' (remove the property setting and it will be selected by default)
2026-05-27 13:29:04 [main] INFO  o.h.e.t.j.p.i.JtaPlatformInitiator - HHH000489: No JTA platform available (set 'hibernate.transaction.jta.platform' to enable JTA platform integration)
2026-05-27 13:29:05 [main] INFO  o.s.o.j.LocalContainerEntityManagerFactoryBean - Initialized JPA EntityManagerFactory for persistence unit 'default'
2026-05-27 13:29:07 [main] DEBUG c.e.i.security.JwtFilter - Filter 'jwtFilter' configured for use
2026-05-27 13:29:07 [main] INFO  o.s.d.j.r.query.QueryEnhancerFactory - Hibernate is in classpath; If applicable, HQL parser will be used.
2026-05-27 13:29:09 [main] WARN  o.s.b.a.o.j.JpaBaseConfiguration$JpaWebConfiguration - spring.jpa.open-in-view is enabled by default. Therefore, database queries may be performed during view rendering. Explicitly configure spring.jpa.open-in-view to disable this warning
2026-05-27 13:29:09 [main] WARN  o.s.b.a.s.s.UserDetailsServiceAutoConfiguration - 

Using generated security password: 7bf400a0-ec8a-422c-8d50-31665db0c45e

This generated password is for development use only. Your security configuration must be updated before running your application in production.

2026-05-27 13:29:10 [main] INFO  o.s.s.web.DefaultSecurityFilterChain - Will secure any request with [org.springframework.security.web.session.DisableEncodeUrlFilter@6679a082, org.springframework.security.web.context.request.async.WebAsyncManagerIntegrationFilter@54832ad9, org.springframework.security.web.context.SecurityContextHolderFilter@39da0d43, org.springframework.security.web.header.HeaderWriterFilter@60f10f6a, org.springframework.web.filter.CorsFilter@71e064b2, org.springframework.security.web.authentication.logout.LogoutFilter@75ba33b8, com.ecoland.infrastructure.security.JwtFilter@642334d6, org.springframework.security.web.savedrequest.RequestCacheAwareFilter@445760e0, org.springframework.security.web.servletapi.SecurityContextHolderAwareRequestFilter@5039de18, org.springframework.security.web.authentication.AnonymousAuthenticationFilter@6b16aa6f, org.springframework.security.web.session.SessionManagementFilter@61377842, org.springframework.security.web.access.ExceptionTranslationFilter@207512c3, org.springframework.security.web.access.intercept.AuthorizationFilter@6818c0a6]
2026-05-27 13:29:11 [main] INFO  o.s.b.w.e.tomcat.TomcatWebServer - Tomcat started on port 8082 (http) with context path ''
2026-05-27 13:29:11 [main] INFO  com.ecoland.EcoLandApplication - Started EcoLandApplication in 17.52 seconds (process running for 19.439)
2026-05-27 13:29:22 [http-nio-8082-exec-1] INFO  o.a.c.c.C.[Tomcat].[localhost].[/] - Initializing Spring DispatcherServlet 'dispatcherServlet'
2026-05-27 13:29:22 [http-nio-8082-exec-1] INFO  o.s.web.servlet.DispatcherServlet - Initializing Servlet 'dispatcherServlet'
2026-05-27 13:29:22 [http-nio-8082-exec-1] INFO  o.s.web.servlet.DispatcherServlet - Completed initialization in 0 ms
2026-05-27 13:29:22 [http-nio-8082-exec-1] DEBUG o.s.security.web.FilterChainProxy - Securing GET /api/features
2026-05-27 13:29:22 [http-nio-8082-exec-1] DEBUG o.s.s.w.a.AnonymousAuthenticationFilter - Set SecurityContextHolder to anonymous SecurityContext
2026-05-27 13:29:22 [http-nio-8082-exec-1] WARN  c.e.i.security.SecurityConfig - Acceso no autorizado: Intento de acceso sin autenticación a /api/features
2026-05-27 13:29:22 [http-nio-8082-exec-1] DEBUG o.s.security.web.FilterChainProxy - Securing GET /error
2026-05-27 13:29:22 [http-nio-8082-exec-1] DEBUG o.s.security.web.FilterChainProxy - Secured GET /error
2026-05-27 13:29:22 [http-nio-8082-exec-1] DEBUG o.s.s.w.a.AnonymousAuthenticationFilter - Set SecurityContextHolder to anonymous SecurityContext
2026-05-27 13:29:22 [http-nio-8082-exec-3] DEBUG o.s.security.web.FilterChainProxy - Securing GET /api/campaigns
2026-05-27 13:29:22 [http-nio-8082-exec-2] DEBUG o.s.security.web.FilterChainProxy - Securing GET /api/statistics/quick
2026-05-27 13:29:22 [http-nio-8082-exec-3] DEBUG o.s.s.w.a.AnonymousAuthenticationFilter - Set SecurityContextHolder to anonymous SecurityContext
2026-05-27 13:29:22 [http-nio-8082-exec-3] DEBUG o.s.security.web.FilterChainProxy - Secured GET /api/campaigns
2026-05-27 13:29:22 [http-nio-8082-exec-2] DEBUG o.s.s.w.a.AnonymousAuthenticationFilter - Set SecurityContextHolder to anonymous SecurityContext
2026-05-27 13:29:22 [http-nio-8082-exec-2] DEBUG o.s.security.web.FilterChainProxy - Secured GET /api/statistics/quick
2026-05-27 13:29:22 [http-nio-8082-exec-2] DEBUG c.e.i.aspect.LoggingAspect - >>> Entrando al método: StatisticsController.getQuickStats() con argumentos: []
2026-05-27 13:29:22 [http-nio-8082-exec-3] DEBUG c.e.i.aspect.LoggingAspect - >>> Entrando al método: CampaignController.getAll() con argumentos: [null]
2026-05-27 13:29:22 [http-nio-8082-exec-3] INFO  c.e.a.service.CampaignService - Solicitud para obtener todas las campañas
2026-05-27 13:29:22 [http-nio-8082-exec-2] INFO  c.e.i.aspect.LoggingAspect - <<< Saliendo del método: StatisticsController.getQuickStats() | Tiempo de ejecución: 55ms
2026-05-27 13:29:22 [http-nio-8082-exec-3] INFO  c.e.i.aspect.LoggingAspect - <<< Saliendo del método: CampaignController.getAll() | Tiempo de ejecución: 63ms
2026-05-27 13:29:35 [http-nio-8082-exec-4] DEBUG o.s.security.web.FilterChainProxy - Securing GET /api/features
2026-05-27 13:29:35 [http-nio-8082-exec-4] DEBUG o.s.s.w.a.AnonymousAuthenticationFilter - Set SecurityContextHolder to anonymous SecurityContext
2026-05-27 13:29:35 [http-nio-8082-exec-4] WARN  c.e.i.security.SecurityConfig - Acceso no autorizado: Intento de acceso sin autenticación a /api/features
2026-05-27 13:29:35 [http-nio-8082-exec-4] DEBUG o.s.security.web.FilterChainProxy - Securing GET /error
2026-05-27 13:29:35 [http-nio-8082-exec-4] DEBUG o.s.security.web.FilterChainProxy - Secured GET /error
2026-05-27 13:29:35 [http-nio-8082-exec-4] DEBUG o.s.s.w.a.AnonymousAuthenticationFilter - Set SecurityContextHolder to anonymous SecurityContext
2026-05-27 13:29:35 [http-nio-8082-exec-5] DEBUG o.s.security.web.FilterChainProxy - Securing GET /api/campaigns
2026-05-27 13:29:35 [http-nio-8082-exec-5] DEBUG o.s.s.w.a.AnonymousAuthenticationFilter - Set SecurityContextHolder to anonymous SecurityContext
2026-05-27 13:29:35 [http-nio-8082-exec-6] DEBUG o.s.security.web.FilterChainProxy - Securing GET /api/statistics/quick
2026-05-27 13:29:35 [http-nio-8082-exec-5] DEBUG o.s.security.web.FilterChainProxy - Secured GET /api/campaigns
2026-05-27 13:29:35 [http-nio-8082-exec-5] DEBUG c.e.i.aspect.LoggingAspect - >>> Entrando al método: CampaignController.getAll() con argumentos: [null]
2026-05-27 13:29:35 [http-nio-8082-exec-6] DEBUG o.s.s.w.a.AnonymousAuthenticationFilter - Set SecurityContextHolder to anonymous SecurityContext
2026-05-27 13:29:35 [http-nio-8082-exec-6] DEBUG o.s.security.web.FilterChainProxy - Secured GET /api/statistics/quick
2026-05-27 13:29:35 [http-nio-8082-exec-5] INFO  c.e.a.service.CampaignService - Solicitud para obtener todas las campañas
2026-05-27 13:29:35 [http-nio-8082-exec-6] DEBUG c.e.i.aspect.LoggingAspect - >>> Entrando al método: StatisticsController.getQuickStats() con argumentos: []
2026-05-27 13:29:35 [http-nio-8082-exec-5] INFO  c.e.i.aspect.LoggingAspect - <<< Saliendo del método: CampaignController.getAll() | Tiempo de ejecución: 24ms
2026-05-27 13:29:35 [http-nio-8082-exec-6] INFO  c.e.i.aspect.LoggingAspect - <<< Saliendo del método: StatisticsController.getQuickStats() | Tiempo de ejecución: 29ms
2026-05-27 13:29:55 [http-nio-8082-exec-7] DEBUG o.s.security.web.FilterChainProxy - Securing GET /api/campaigns?category=REFORESTATION
2026-05-27 13:29:55 [http-nio-8082-exec-7] DEBUG o.s.s.w.a.AnonymousAuthenticationFilter - Set SecurityContextHolder to anonymous SecurityContext
2026-05-27 13:29:55 [http-nio-8082-exec-7] DEBUG o.s.security.web.FilterChainProxy - Secured GET /api/campaigns?category=REFORESTATION
2026-05-27 13:29:55 [http-nio-8082-exec-7] DEBUG c.e.i.aspect.LoggingAspect - >>> Entrando al método: CampaignController.getAll() con argumentos: [REFORESTATION]
2026-05-27 13:29:55 [http-nio-8082-exec-7] INFO  c.e.a.service.CampaignService - Solicitud para obtener las campañas de la categoría: REFORESTATION
2026-05-27 13:29:55 [http-nio-8082-exec-7] INFO  c.e.i.aspect.LoggingAspect - <<< Saliendo del método: CampaignController.getAll() | Tiempo de ejecución: 20ms
2026-05-27 13:30:05 [http-nio-8082-exec-8] DEBUG o.s.security.web.FilterChainProxy - Securing GET /api/puntos-verdes
2026-05-27 13:30:05 [http-nio-8082-exec-9] DEBUG o.s.security.web.FilterChainProxy - Securing GET /api/v1/rutas
2026-05-27 13:30:05 [http-nio-8082-exec-9] DEBUG o.s.s.w.a.AnonymousAuthenticationFilter - Set SecurityContextHolder to anonymous SecurityContext
2026-05-27 13:30:05 [http-nio-8082-exec-8] DEBUG o.s.s.w.a.AnonymousAuthenticationFilter - Set SecurityContextHolder to anonymous SecurityContext
2026-05-27 13:30:05 [http-nio-8082-exec-8] DEBUG o.s.security.web.FilterChainProxy - Secured GET /api/puntos-verdes
2026-05-27 13:30:05 [http-nio-8082-exec-9] DEBUG o.s.security.web.FilterChainProxy - Secured GET /api/v1/rutas
2026-05-27 13:30:05 [http-nio-8082-exec-8] DEBUG c.e.i.aspect.LoggingAspect - >>> Entrando al método: PuntoVerdeController.getAll() con argumentos: []
2026-05-27 13:30:05 [http-nio-8082-exec-9] DEBUG c.e.i.aspect.LoggingAspect - >>> Entrando al método: RutaReciclajeController.getAllRutas() con argumentos: []
2026-05-27 13:30:05 [http-nio-8082-exec-9] INFO  c.e.i.aspect.LoggingAspect - <<< Saliendo del método: RutaReciclajeController.getAllRutas() | Tiempo de ejecución: 47ms
2026-05-27 13:30:05 [http-nio-8082-exec-10] DEBUG o.s.security.web.FilterChainProxy - Securing GET /api/v1/rutas
2026-05-27 13:30:05 [http-nio-8082-exec-10] DEBUG o.s.s.w.a.AnonymousAuthenticationFilter - Set SecurityContextHolder to anonymous SecurityContext
2026-05-27 13:30:05 [http-nio-8082-exec-10] DEBUG o.s.security.web.FilterChainProxy - Secured GET /api/v1/rutas
2026-05-27 13:30:05 [http-nio-8082-exec-10] DEBUG c.e.i.aspect.LoggingAspect - >>> Entrando al método: RutaReciclajeController.getAllRutas() con argumentos: []
2026-05-27 13:30:05 [http-nio-8082-exec-10] INFO  c.e.i.aspect.LoggingAspect - <<< Saliendo del método: RutaReciclajeController.getAllRutas() | Tiempo de ejecución: 29ms
2026-05-27 13:30:05 [http-nio-8082-exec-8] INFO  c.e.i.aspect.LoggingAspect - <<< Saliendo del método: PuntoVerdeController.getAll() | Tiempo de ejecución: 126ms
2026-05-27 13:30:22 [http-nio-8082-exec-1] DEBUG o.s.security.web.FilterChainProxy - Securing GET /api/puntos-verdes
2026-05-27 13:30:22 [http-nio-8082-exec-1] DEBUG o.s.s.w.a.AnonymousAuthenticationFilter - Set SecurityContextHolder to anonymous SecurityContext
2026-05-27 13:30:22 [http-nio-8082-exec-1] DEBUG o.s.security.web.FilterChainProxy - Secured GET /api/puntos-verdes
2026-05-27 13:30:22 [http-nio-8082-exec-1] DEBUG c.e.i.aspect.LoggingAspect - >>> Entrando al método: PuntoVerdeController.getAll() con argumentos: []
2026-05-27 13:30:22 [http-nio-8082-exec-1] INFO  c.e.i.aspect.LoggingAspect - <<< Saliendo del método: PuntoVerdeController.getAll() | Tiempo de ejecución: 102ms
2026-05-27 13:30:25 [http-nio-8082-exec-4] DEBUG o.s.security.web.FilterChainProxy - Securing GET /api/puntos-verdes
2026-05-27 13:30:25 [http-nio-8082-exec-4] DEBUG o.s.s.w.a.AnonymousAuthenticationFilter - Set SecurityContextHolder to anonymous SecurityContext
2026-05-27 13:30:25 [http-nio-8082-exec-4] DEBUG o.s.security.web.FilterChainProxy - Secured GET /api/puntos-verdes
2026-05-27 13:30:25 [http-nio-8082-exec-4] DEBUG c.e.i.aspect.LoggingAspect - >>> Entrando al método: PuntoVerdeController.getAll() con argumentos: []
2026-05-27 13:30:25 [http-nio-8082-exec-6] DEBUG o.s.security.web.FilterChainProxy - Securing GET /api/v1/rutas
2026-05-27 13:30:25 [http-nio-8082-exec-6] DEBUG o.s.s.w.a.AnonymousAuthenticationFilter - Set SecurityContextHolder to anonymous SecurityContext
2026-05-27 13:30:25 [http-nio-8082-exec-6] DEBUG o.s.security.web.FilterChainProxy - Secured GET /api/v1/rutas
2026-05-27 13:30:25 [http-nio-8082-exec-6] DEBUG c.e.i.aspect.LoggingAspect - >>> Entrando al método: RutaReciclajeController.getAllRutas() con argumentos: []
2026-05-27 13:30:25 [http-nio-8082-exec-6] INFO  c.e.i.aspect.LoggingAspect - <<< Saliendo del método: RutaReciclajeController.getAllRutas() | Tiempo de ejecución: 72ms
2026-05-27 13:30:25 [http-nio-8082-exec-5] DEBUG o.s.security.web.FilterChainProxy - Securing GET /api/v1/rutas
2026-05-27 13:30:25 [http-nio-8082-exec-5] DEBUG o.s.s.w.a.AnonymousAuthenticationFilter - Set SecurityContextHolder to anonymous SecurityContext
2026-05-27 13:30:25 [http-nio-8082-exec-5] DEBUG o.s.security.web.FilterChainProxy - Secured GET /api/v1/rutas
2026-05-27 13:30:25 [http-nio-8082-exec-5] DEBUG c.e.i.aspect.LoggingAspect - >>> Entrando al método: RutaReciclajeController.getAllRutas() con argumentos: []
2026-05-27 13:30:25 [http-nio-8082-exec-4] INFO  c.e.i.aspect.LoggingAspect - <<< Saliendo del método: PuntoVerdeController.getAll() | Tiempo de ejecución: 195ms
2026-05-27 13:30:25 [http-nio-8082-exec-5] INFO  c.e.i.aspect.LoggingAspect - <<< Saliendo del método: RutaReciclajeController.getAllRutas() | Tiempo de ejecución: 55ms
2026-05-27 13:30:27 [http-nio-8082-exec-7] DEBUG o.s.security.web.FilterChainProxy - Securing GET /api/statistics/comprehensive
2026-05-27 13:30:27 [http-nio-8082-exec-7] DEBUG o.s.s.w.a.AnonymousAuthenticationFilter - Set SecurityContextHolder to anonymous SecurityContext
2026-05-27 13:30:27 [http-nio-8082-exec-9] DEBUG o.s.security.web.FilterChainProxy - Securing GET /api/campaigns
2026-05-27 13:30:27 [http-nio-8082-exec-7] DEBUG o.s.security.web.FilterChainProxy - Secured GET /api/statistics/comprehensive
2026-05-27 13:30:27 [http-nio-8082-exec-9] DEBUG o.s.s.w.a.AnonymousAuthenticationFilter - Set SecurityContextHolder to anonymous SecurityContext
2026-05-27 13:30:27 [http-nio-8082-exec-9] DEBUG o.s.security.web.FilterChainProxy - Secured GET /api/campaigns
2026-05-27 13:30:27 [http-nio-8082-exec-7] DEBUG c.e.i.aspect.LoggingAspect - >>> Entrando al método: StatisticsController.getComprehensiveStatistics() con argumentos: []
2026-05-27 13:30:27 [http-nio-8082-exec-9] DEBUG c.e.i.aspect.LoggingAspect - >>> Entrando al método: CampaignController.getAll() con argumentos: [null]
2026-05-27 13:30:27 [http-nio-8082-exec-9] INFO  c.e.a.service.CampaignService - Solicitud para obtener todas las campañas
2026-05-27 13:30:27 [http-nio-8082-exec-9] INFO  c.e.i.aspect.LoggingAspect - <<< Saliendo del método: CampaignController.getAll() | Tiempo de ejecución: 19ms
2026-05-27 13:30:27 [http-nio-8082-exec-7] INFO  c.e.i.aspect.LoggingAspect - <<< Saliendo del método: StatisticsController.getComprehensiveStatistics() | Tiempo de ejecución: 100ms
2026-05-27 13:30:38 [http-nio-8082-exec-8] DEBUG o.s.security.web.FilterChainProxy - Securing GET /api/statistics/quick
2026-05-27 13:30:38 [http-nio-8082-exec-10] DEBUG o.s.security.web.FilterChainProxy - Securing GET /api/campaigns
2026-05-27 13:30:38 [http-nio-8082-exec-8] DEBUG o.s.s.w.a.AnonymousAuthenticationFilter - Set SecurityContextHolder to anonymous SecurityContext
2026-05-27 13:30:38 [http-nio-8082-exec-8] DEBUG o.s.security.web.FilterChainProxy - Secured GET /api/statistics/quick
2026-05-27 13:30:38 [http-nio-8082-exec-10] DEBUG o.s.s.w.a.AnonymousAuthenticationFilter - Set SecurityContextHolder to anonymous SecurityContext
2026-05-27 13:30:38 [http-nio-8082-exec-10] DEBUG o.s.security.web.FilterChainProxy - Secured GET /api/campaigns
2026-05-27 13:30:38 [http-nio-8082-exec-8] DEBUG c.e.i.aspect.LoggingAspect - >>> Entrando al método: StatisticsController.getQuickStats() con argumentos: []
2026-05-27 13:30:38 [http-nio-8082-exec-10] DEBUG c.e.i.aspect.LoggingAspect - >>> Entrando al método: CampaignController.getAll() con argumentos: [null]
2026-05-27 13:30:38 [http-nio-8082-exec-10] INFO  c.e.a.service.CampaignService - Solicitud para obtener todas las campañas
2026-05-27 13:30:38 [http-nio-8082-exec-8] INFO  c.e.i.aspect.LoggingAspect - <<< Saliendo del método: StatisticsController.getQuickStats() | Tiempo de ejecución: 25ms
2026-05-27 13:30:38 [http-nio-8082-exec-10] INFO  c.e.i.aspect.LoggingAspect - <<< Saliendo del método: CampaignController.getAll() | Tiempo de ejecución: 21ms
2026-05-27 13:37:48 [http-nio-8082-exec-6] DEBUG o.s.security.web.FilterChainProxy - Securing OPTIONS /auth/google
2026-05-27 13:37:48 [http-nio-8082-exec-5] DEBUG o.s.security.web.FilterChainProxy - Securing POST /auth/google
2026-05-27 13:37:48 [http-nio-8082-exec-5] DEBUG o.s.s.w.a.AnonymousAuthenticationFilter - Set SecurityContextHolder to anonymous SecurityContext
2026-05-27 13:37:48 [http-nio-8082-exec-5] DEBUG o.s.security.web.FilterChainProxy - Secured POST /auth/google
2026-05-27 13:37:48 [http-nio-8082-exec-5] DEBUG c.e.i.aspect.LoggingAspect - >>> Entrando al método: AuthController.loginWithGoogle() con argumentos: [com.ecoland.application.dto.GoogleLoginRequest@4f90c8fc]
2026-05-27 13:37:48 [http-nio-8082-exec-5] INFO  c.e.i.adapter.in.web.AuthController - Intento de login con Google para token asociado
2026-05-27 13:37:49 [http-nio-8082-exec-5] INFO  c.e.i.adapter.in.web.AuthController - Login con Google exitoso: reddy.torrez@ucb.edu.bo
2026-05-27 13:37:49 [http-nio-8082-exec-5] INFO  c.e.i.aspect.LoggingAspect - <<< Saliendo del método: AuthController.loginWithGoogle() | Tiempo de ejecución: 1286ms
2026-05-27 13:37:50 [http-nio-8082-exec-4] DEBUG o.s.security.web.FilterChainProxy - Securing GET /api/campaigns
2026-05-27 13:37:50 [http-nio-8082-exec-4] DEBUG o.s.s.w.a.AnonymousAuthenticationFilter - Set SecurityContextHolder to anonymous SecurityContext
2026-05-27 13:37:50 [http-nio-8082-exec-4] DEBUG o.s.security.web.FilterChainProxy - Secured GET /api/campaigns
2026-05-27 13:37:50 [http-nio-8082-exec-4] DEBUG c.e.i.aspect.LoggingAspect - >>> Entrando al método: CampaignController.getAll() con argumentos: [null]
2026-05-27 13:37:50 [http-nio-8082-exec-4] INFO  c.e.a.service.CampaignService - Solicitud para obtener todas las campañas
2026-05-27 13:37:50 [http-nio-8082-exec-4] INFO  c.e.i.aspect.LoggingAspect - <<< Saliendo del método: CampaignController.getAll() | Tiempo de ejecución: 16ms
2026-05-27 13:37:55 [http-nio-8082-exec-9] DEBUG o.s.security.web.FilterChainProxy - Securing GET /api/puntos-verdes
2026-05-27 13:37:55 [http-nio-8082-exec-9] DEBUG o.s.s.w.a.AnonymousAuthenticationFilter - Set SecurityContextHolder to anonymous SecurityContext
2026-05-27 13:37:55 [http-nio-8082-exec-9] DEBUG o.s.security.web.FilterChainProxy - Secured GET /api/puntos-verdes
2026-05-27 13:37:55 [http-nio-8082-exec-9] DEBUG c.e.i.aspect.LoggingAspect - >>> Entrando al método: PuntoVerdeController.getAll() con argumentos: []
2026-05-27 13:37:55 [http-nio-8082-exec-9] INFO  c.e.i.aspect.LoggingAspect - <<< Saliendo del método: PuntoVerdeController.getAll() | Tiempo de ejecución: 66ms
2026-05-27 13:37:59 [http-nio-8082-exec-7] DEBUG o.s.security.web.FilterChainProxy - Securing OPTIONS /api/v1/admin/leader-requests
2026-05-27 13:37:59 [http-nio-8082-exec-8] DEBUG o.s.security.web.FilterChainProxy - Securing OPTIONS /api/v1/admin/users
2026-05-27 13:37:59 [http-nio-8082-exec-10] DEBUG o.s.security.web.FilterChainProxy - Securing GET /api/v1/admin/leader-requests
2026-05-27 13:37:59 [http-nio-8082-exec-1] DEBUG o.s.security.web.FilterChainProxy - Securing GET /api/v1/admin/users
2026-05-27 13:37:59 [http-nio-8082-exec-1] INFO  c.e.i.security.JwtFilter - Token validado exitosamente para el usuario: reddy.torrez@ucb.edu.bo
2026-05-27 13:37:59 [http-nio-8082-exec-10] INFO  c.e.i.security.JwtFilter - Token validado exitosamente para el usuario: reddy.torrez@ucb.edu.bo
2026-05-27 13:37:59 [http-nio-8082-exec-10] WARN  c.e.i.security.SecurityConfig - Acceso denegado: El usuario no tiene los roles/permisos necesarios para acceder a /api/v1/admin/leader-requests
2026-05-27 13:37:59 [http-nio-8082-exec-1] WARN  c.e.i.security.SecurityConfig - Acceso denegado: El usuario no tiene los roles/permisos necesarios para acceder a /api/v1/admin/users
2026-05-27 13:37:59 [http-nio-8082-exec-10] DEBUG o.s.security.web.FilterChainProxy - Securing GET /error
2026-05-27 13:37:59 [http-nio-8082-exec-1] DEBUG o.s.security.web.FilterChainProxy - Securing GET /error
2026-05-27 13:37:59 [http-nio-8082-exec-10] DEBUG o.s.security.web.FilterChainProxy - Secured GET /error
2026-05-27 13:37:59 [http-nio-8082-exec-1] DEBUG o.s.security.web.FilterChainProxy - Secured GET /error
2026-05-27 13:37:59 [http-nio-8082-exec-10] DEBUG o.s.s.w.a.AnonymousAuthenticationFilter - Set SecurityContextHolder to anonymous SecurityContext
2026-05-27 13:37:59 [http-nio-8082-exec-1] DEBUG o.s.s.w.a.AnonymousAuthenticationFilter - Set SecurityContextHolder to anonymous SecurityContext
2026-05-27 13:38:00 [http-nio-8082-exec-2] DEBUG o.s.security.web.FilterChainProxy - Securing OPTIONS /api/features
2026-05-27 13:38:00 [http-nio-8082-exec-3] DEBUG o.s.security.web.FilterChainProxy - Securing GET /api/features
2026-05-27 13:38:00 [http-nio-8082-exec-3] INFO  c.e.i.security.JwtFilter - Token validado exitosamente para el usuario: reddy.torrez@ucb.edu.bo
2026-05-27 13:38:00 [http-nio-8082-exec-3] DEBUG o.s.security.web.FilterChainProxy - Secured GET /api/features
2026-05-27 13:38:00 [http-nio-8082-exec-3] DEBUG c.e.i.aspect.LoggingAspect - >>> Entrando al método: FeatureToggleController.getAllFeatures() con argumentos: []
2026-05-27 13:38:00 [http-nio-8082-exec-3] INFO  c.e.i.aspect.LoggingAspect - <<< Saliendo del método: FeatureToggleController.getAllFeatures() | Tiempo de ejecución: 12ms
2026-05-27 13:38:04 [http-nio-8082-exec-6] DEBUG o.s.security.web.FilterChainProxy - Securing OPTIONS /api/features/inicio?enabled=false
2026-05-27 13:38:04 [http-nio-8082-exec-5] DEBUG o.s.security.web.FilterChainProxy - Securing PUT /api/features/inicio?enabled=false
2026-05-27 13:38:04 [http-nio-8082-exec-5] INFO  c.e.i.security.JwtFilter - Token validado exitosamente para el usuario: reddy.torrez@ucb.edu.bo
2026-05-27 13:38:04 [http-nio-8082-exec-5] DEBUG o.s.security.web.FilterChainProxy - Secured PUT /api/features/inicio?enabled=false
2026-05-27 13:38:04 [http-nio-8082-exec-5] DEBUG c.e.i.aspect.LoggingAspect - >>> Entrando al método: FeatureToggleController.updateFeature() con argumentos: [inicio, false]
2026-05-27 13:38:04 [http-nio-8082-exec-5] INFO  c.e.i.aspect.LoggingAspect - <<< Saliendo del método: FeatureToggleController.updateFeature() | Tiempo de ejecución: 77ms
2026-05-27 13:38:07 [http-nio-8082-exec-4] DEBUG o.s.security.web.FilterChainProxy - Securing OPTIONS /api/features/inicio?enabled=true
2026-05-27 13:38:07 [http-nio-8082-exec-9] DEBUG o.s.security.web.FilterChainProxy - Securing PUT /api/features/inicio?enabled=true
2026-05-27 13:38:07 [http-nio-8082-exec-9] INFO  c.e.i.security.JwtFilter - Token validado exitosamente para el usuario: reddy.torrez@ucb.edu.bo
2026-05-27 13:38:07 [http-nio-8082-exec-9] DEBUG o.s.security.web.FilterChainProxy - Secured PUT /api/features/inicio?enabled=true
2026-05-27 13:38:07 [http-nio-8082-exec-9] DEBUG c.e.i.aspect.LoggingAspect - >>> Entrando al método: FeatureToggleController.updateFeature() con argumentos: [inicio, true]
2026-05-27 13:38:07 [http-nio-8082-exec-9] INFO  c.e.i.aspect.LoggingAspect - <<< Saliendo del método: FeatureToggleController.updateFeature() | Tiempo de ejecución: 25ms
2026-05-27 13:38:09 [http-nio-8082-exec-7] DEBUG o.s.security.web.FilterChainProxy - Securing OPTIONS /api/features/reforestacion?enabled=false
2026-05-27 13:38:09 [http-nio-8082-exec-8] DEBUG o.s.security.web.FilterChainProxy - Securing PUT /api/features/reforestacion?enabled=false
2026-05-27 13:38:09 [http-nio-8082-exec-8] INFO  c.e.i.security.JwtFilter - Token validado exitosamente para el usuario: reddy.torrez@ucb.edu.bo
2026-05-27 13:38:09 [http-nio-8082-exec-8] DEBUG o.s.security.web.FilterChainProxy - Secured PUT /api/features/reforestacion?enabled=false
2026-05-27 13:38:09 [http-nio-8082-exec-8] DEBUG c.e.i.aspect.LoggingAspect - >>> Entrando al método: FeatureToggleController.updateFeature() con argumentos: [reforestacion, false]
2026-05-27 13:38:09 [http-nio-8082-exec-8] INFO  c.e.i.aspect.LoggingAspect - <<< Saliendo del método: FeatureToggleController.updateFeature() | Tiempo de ejecución: 22ms
2026-05-27 13:38:10 [http-nio-8082-exec-10] DEBUG o.s.security.web.FilterChainProxy - Securing GET /api/campaigns
2026-05-27 13:38:10 [http-nio-8082-exec-1] DEBUG o.s.security.web.FilterChainProxy - Securing GET /api/statistics/quick
2026-05-27 13:38:10 [http-nio-8082-exec-10] DEBUG o.s.s.w.a.AnonymousAuthenticationFilter - Set SecurityContextHolder to anonymous SecurityContext
2026-05-27 13:38:10 [http-nio-8082-exec-10] DEBUG o.s.security.web.FilterChainProxy - Secured GET /api/campaigns
2026-05-27 13:38:10 [http-nio-8082-exec-1] DEBUG o.s.s.w.a.AnonymousAuthenticationFilter - Set SecurityContextHolder to anonymous SecurityContext
2026-05-27 13:38:10 [http-nio-8082-exec-1] DEBUG o.s.security.web.FilterChainProxy - Secured GET /api/statistics/quick
2026-05-27 13:38:10 [http-nio-8082-exec-10] DEBUG c.e.i.aspect.LoggingAspect - >>> Entrando al método: CampaignController.getAll() con argumentos: [null]
2026-05-27 13:38:10 [http-nio-8082-exec-1] DEBUG c.e.i.aspect.LoggingAspect - >>> Entrando al método: StatisticsController.getQuickStats() con argumentos: []
2026-05-27 13:38:10 [http-nio-8082-exec-10] INFO  c.e.a.service.CampaignService - Solicitud para obtener todas las campañas
2026-05-27 13:38:10 [http-nio-8082-exec-10] INFO  c.e.i.aspect.LoggingAspect - <<< Saliendo del método: CampaignController.getAll() | Tiempo de ejecución: 15ms
2026-05-27 13:38:10 [http-nio-8082-exec-1] INFO  c.e.i.aspect.LoggingAspect - <<< Saliendo del método: StatisticsController.getQuickStats() | Tiempo de ejecución: 23ms
2026-05-27 13:38:18 [http-nio-8082-exec-2] DEBUG o.s.security.web.FilterChainProxy - Securing GET /api/campaigns
2026-05-27 13:38:18 [http-nio-8082-exec-2] DEBUG o.s.s.w.a.AnonymousAuthenticationFilter - Set SecurityContextHolder to anonymous SecurityContext
2026-05-27 13:38:18 [http-nio-8082-exec-2] DEBUG o.s.security.web.FilterChainProxy - Secured GET /api/campaigns
2026-05-27 13:38:18 [http-nio-8082-exec-2] DEBUG c.e.i.aspect.LoggingAspect - >>> Entrando al método: CampaignController.getAll() con argumentos: [null]
2026-05-27 13:38:18 [http-nio-8082-exec-2] INFO  c.e.a.service.CampaignService - Solicitud para obtener todas las campañas
2026-05-27 13:38:18 [http-nio-8082-exec-2] INFO  c.e.i.aspect.LoggingAspect - <<< Saliendo del método: CampaignController.getAll() | Tiempo de ejecución: 14ms
2026-05-27 13:38:20 [http-nio-8082-exec-3] DEBUG o.s.security.web.FilterChainProxy - Securing GET /api/features
2026-05-27 13:38:20 [http-nio-8082-exec-3] INFO  c.e.i.security.JwtFilter - Token validado exitosamente para el usuario: reddy.torrez@ucb.edu.bo
2026-05-27 13:38:20 [http-nio-8082-exec-3] DEBUG o.s.security.web.FilterChainProxy - Secured GET /api/features
2026-05-27 13:38:20 [http-nio-8082-exec-3] DEBUG c.e.i.aspect.LoggingAspect - >>> Entrando al método: FeatureToggleController.getAllFeatures() con argumentos: []
2026-05-27 13:38:20 [http-nio-8082-exec-3] INFO  c.e.i.aspect.LoggingAspect - <<< Saliendo del método: FeatureToggleController.getAllFeatures() | Tiempo de ejecución: 11ms
2026-05-27 13:38:21 [http-nio-8082-exec-6] DEBUG o.s.security.web.FilterChainProxy - Securing OPTIONS /api/features/reforestacion?enabled=true
2026-05-27 13:38:21 [http-nio-8082-exec-5] DEBUG o.s.security.web.FilterChainProxy - Securing PUT /api/features/reforestacion?enabled=true
2026-05-27 13:38:21 [http-nio-8082-exec-5] INFO  c.e.i.security.JwtFilter - Token validado exitosamente para el usuario: reddy.torrez@ucb.edu.bo
2026-05-27 13:38:21 [http-nio-8082-exec-5] DEBUG o.s.security.web.FilterChainProxy - Secured PUT /api/features/reforestacion?enabled=true
2026-05-27 13:38:21 [http-nio-8082-exec-5] DEBUG c.e.i.aspect.LoggingAspect - >>> Entrando al método: FeatureToggleController.updateFeature() con argumentos: [reforestacion, true]
2026-05-27 13:38:21 [http-nio-8082-exec-5] INFO  c.e.i.aspect.LoggingAspect - <<< Saliendo del método: FeatureToggleController.updateFeature() | Tiempo de ejecución: 28ms
2026-05-27 13:38:23 [http-nio-8082-exec-4] DEBUG o.s.security.web.FilterChainProxy - Securing GET /api/campaigns
2026-05-27 13:38:23 [http-nio-8082-exec-4] DEBUG o.s.s.w.a.AnonymousAuthenticationFilter - Set SecurityContextHolder to anonymous SecurityContext
2026-05-27 13:38:23 [http-nio-8082-exec-4] DEBUG o.s.security.web.FilterChainProxy - Secured GET /api/campaigns
2026-05-27 13:38:23 [http-nio-8082-exec-9] DEBUG o.s.security.web.FilterChainProxy - Securing GET /api/statistics/quick
2026-05-27 13:38:23 [http-nio-8082-exec-4] DEBUG c.e.i.aspect.LoggingAspect - >>> Entrando al método: CampaignController.getAll() con argumentos: [null]
2026-05-27 13:38:23 [http-nio-8082-exec-9] DEBUG o.s.s.w.a.AnonymousAuthenticationFilter - Set SecurityContextHolder to anonymous SecurityContext
2026-05-27 13:38:23 [http-nio-8082-exec-4] INFO  c.e.a.service.CampaignService - Solicitud para obtener todas las campañas
2026-05-27 13:38:23 [http-nio-8082-exec-9] DEBUG o.s.security.web.FilterChainProxy - Secured GET /api/statistics/quick
2026-05-27 13:38:23 [http-nio-8082-exec-9] DEBUG c.e.i.aspect.LoggingAspect - >>> Entrando al método: StatisticsController.getQuickStats() con argumentos: []
2026-05-27 13:38:24 [http-nio-8082-exec-4] INFO  c.e.i.aspect.LoggingAspect - <<< Saliendo del método: CampaignController.getAll() | Tiempo de ejecución: 20ms
2026-05-27 13:38:24 [http-nio-8082-exec-9] INFO  c.e.i.aspect.LoggingAspect - <<< Saliendo del método: StatisticsController.getQuickStats() | Tiempo de ejecución: 35ms
2026-05-27 17:47:34 [HikariPool-1 housekeeper] WARN  com.zaxxer.hikari.pool.HikariPool - HikariPool-1 - Thread starvation or clock leap detected (housekeeper delta=3h41m44s567ms726µs600ns).
2026-05-27 17:47:50 [http-nio-8082-exec-1] DEBUG o.s.security.web.FilterChainProxy - Securing OPTIONS /api/features
2026-05-27 17:47:50 [http-nio-8082-exec-10] DEBUG o.s.security.web.FilterChainProxy - Securing GET /api/features
2026-05-27 17:47:50 [http-nio-8082-exec-10] INFO  c.e.i.security.JwtFilter - Token validado exitosamente para el usuario: reddy.torrez@ucb.edu.bo
2026-05-27 17:47:50 [http-nio-8082-exec-10] DEBUG o.s.security.web.FilterChainProxy - Secured GET /api/features
2026-05-27 17:47:50 [http-nio-8082-exec-10] DEBUG c.e.i.aspect.LoggingAspect - >>> Entrando al método: FeatureToggleController.getAllFeatures() con argumentos: []
2026-05-27 17:47:50 [http-nio-8082-exec-10] INFO  c.e.i.aspect.LoggingAspect - <<< Saliendo del método: FeatureToggleController.getAllFeatures() | Tiempo de ejecución: 7ms
2026-05-27 17:48:00 [SpringApplicationShutdownHook] INFO  o.s.o.j.LocalContainerEntityManagerFactoryBean - Closing JPA EntityManagerFactory for persistence unit 'default'
2026-05-27 17:48:00 [SpringApplicationShutdownHook] INFO  com.zaxxer.hikari.HikariDataSource - HikariPool-1 - Shutdown initiated...
2026-05-27 17:48:00 [SpringApplicationShutdownHook] INFO  com.zaxxer.hikari.HikariDataSource - HikariPool-1 - Shutdown completed.
